<?xml version="1.0" encoding="UTF-8"?>
<testng-results ignored="0" total="8" passed="6" failed="2" skipped="0">
  <reporter-output>
  </reporter-output>
  <suite started-at="2024-11-11T17:12:16 IST" name="Suite" finished-at="2024-11-11T17:14:14 IST" duration-ms="117637">
    <groups>
    </groups>
    <test started-at="2024-11-11T17:12:16 IST" name="Test" finished-at="2024-11-11T17:14:14 IST" duration-ms="117637">
      <class name="tests._07_08_FillPassengerAndbookingSucessfully">
        <test-method is-config="true" signature="goToWebsite()[pri:0, instance:tests._07_08_FillPassengerAndbookingSucessfully@185a6e9]" started-at="2024-11-11T17:13:40 IST" name="goToWebsite" finished-at="2024-11-11T17:13:46 IST" duration-ms="5942" status="PASS">
          <reporter-output>
          </reporter-output>
        </test-method> <!-- goToWebsite -->
        <test-method signature="bookingForm()[pri:7, instance:tests._07_08_FillPassengerAndbookingSucessfully@185a6e9]" started-at="2024-11-11T17:13:46 IST" name="bookingForm" finished-at="2024-11-11T17:14:02 IST" duration-ms="15959" status="FAIL">
          <exception class="org.openqa.selenium.NoSuchElementException">
            <message>
              <![CDATA[no such element: Unable to locate element: {"method":"css selector","selector":"div[class='css-1dbjc4n r-1awozwy r-1xfd6ze r-1loqt21 r-18u37iz r-1777fci r-1w50u8q r-ah5dr5 r-1otgn73']"}
  (Session info: chrome=130.0.6723.117)
For documentation on this error, please visit: https://www.selenium.dev/documentation/webdriver/troubleshooting/errors#no-such-element-exception
Build info: version: '4.22.0', revision: 'c5f3146703*'
System info: os.name: 'Windows 11', os.arch: 'amd64', os.version: '10.0', java.version: '22.0.1'
Driver info: org.openqa.selenium.chrome.ChromeDriver
Command: [3c4ec5b8d3341220b4bdd223df09f74e, findElement {value=div[class='css-1dbjc4n r-1awozwy r-1xfd6ze r-1loqt21 r-18u37iz r-1777fci r-1w50u8q r-ah5dr5 r-1otgn73'], using=css selector}]
Capabilities {acceptInsecureCerts: false, browserName: chrome, browserVersion: 130.0.6723.117, chrome: {chromedriverVersion: 130.0.6723.116 (6ac35f94ae3..., userDataDir: C:\Users\HARIHA~1\AppData\L...}, fedcm:accounts: true, goog:chromeOptions: {debuggerAddress: localhost:58611}, networkConnectionEnabled: false, pageLoadStrategy: normal, platformName: windows, proxy: Proxy(), se:cdp: ws://localhost:58611/devtoo..., se:cdpVersion: 130.0.6723.117, setWindowRect: true, strictFileInteractability: false, timeouts: {implicit: 0, pageLoad: 300000, script: 30000}, unhandledPromptBehavior: dismiss and notify, webauthn:extension:credBlob: true, webauthn:extension:largeBlob: true, webauthn:extension:minPinLength: true, webauthn:extension:prf: true, webauthn:virtualAuthenticators: true}
Session ID: 3c4ec5b8d3341220b4bdd223df09f74e]]>
            </message>
            <full-stacktrace>
              <![CDATA[org.openqa.selenium.NoSuchElementException: no such element: Unable to locate element: {"method":"css selector","selector":"div[class='css-1dbjc4n r-1awozwy r-1xfd6ze r-1loqt21 r-18u37iz r-1777fci r-1w50u8q r-ah5dr5 r-1otgn73']"}
  (Session info: chrome=130.0.6723.117)
For documentation on this error, please visit: https://www.selenium.dev/documentation/webdriver/troubleshooting/errors#no-such-element-exception
Build info: version: '4.22.0', revision: 'c5f3146703*'
System info: os.name: 'Windows 11', os.arch: 'amd64', os.version: '10.0', java.version: '22.0.1'
Driver info: org.openqa.selenium.chrome.ChromeDriver
Command: [3c4ec5b8d3341220b4bdd223df09f74e, findElement {value=div[class='css-1dbjc4n r-1awozwy r-1xfd6ze r-1loqt21 r-18u37iz r-1777fci r-1w50u8q r-ah5dr5 r-1otgn73'], using=css selector}]
Capabilities {acceptInsecureCerts: false, browserName: chrome, browserVersion: 130.0.6723.117, chrome: {chromedriverVersion: 130.0.6723.116 (6ac35f94ae3..., userDataDir: C:\Users\HARIHA~1\AppData\L...}, fedcm:accounts: true, goog:chromeOptions: {debuggerAddress: localhost:58611}, networkConnectionEnabled: false, pageLoadStrategy: normal, platformName: windows, proxy: Proxy(), se:cdp: ws://localhost:58611/devtoo..., se:cdpVersion: 130.0.6723.117, setWindowRect: true, strictFileInteractability: false, timeouts: {implicit: 0, pageLoad: 300000, script: 30000}, unhandledPromptBehavior: dismiss and notify, webauthn:extension:credBlob: true, webauthn:extension:largeBlob: true, webauthn:extension:minPinLength: true, webauthn:extension:prf: true, webauthn:virtualAuthenticators: true}
Session ID: 3c4ec5b8d3341220b4bdd223df09f74e
at java.base/jdk.internal.reflect.DirectConstructorHandleAccessor.newInstance(DirectConstructorHandleAccessor.java:62)
at java.base/java.lang.reflect.Constructor.newInstanceWithCaller(Constructor.java:502)
at java.base/java.lang.reflect.Constructor.newInstance(Constructor.java:486)
at org.openqa.selenium.remote.ErrorCodec.decode(ErrorCodec.java:167)
at org.openqa.selenium.remote.codec.w3c.W3CHttpResponseCodec.decode(W3CHttpResponseCodec.java:138)
at org.openqa.selenium.remote.codec.w3c.W3CHttpResponseCodec.decode(W3CHttpResponseCodec.java:50)
at org.openqa.selenium.remote.HttpCommandExecutor.execute(HttpCommandExecutor.java:190)
at org.openqa.selenium.remote.service.DriverCommandExecutor.invokeExecute(DriverCommandExecutor.java:216)
at org.openqa.selenium.remote.service.DriverCommandExecutor.execute(DriverCommandExecutor.java:174)
at org.openqa.selenium.remote.RemoteWebDriver.execute(RemoteWebDriver.java:518)
at org.openqa.selenium.remote.ElementLocation$ElementFinder$2.findElement(ElementLocation.java:165)
at org.openqa.selenium.remote.ElementLocation.findElement(ElementLocation.java:59)
at org.openqa.selenium.remote.RemoteWebDriver.findElement(RemoteWebDriver.java:355)
at org.openqa.selenium.remote.RemoteWebDriver.findElement(RemoteWebDriver.java:349)
at org.openqa.selenium.support.pagefactory.DefaultElementLocator.findElement(DefaultElementLocator.java:68)
at org.openqa.selenium.support.pagefactory.internal.LocatingElementHandler.invoke(LocatingElementHandler.java:38)
at jdk.proxy2/jdk.proxy2.$Proxy12.click(Unknown Source)
at pages.FlightBookingPages.goToBooking(FlightBookingPages.java:42)
at tests._07_08_FillPassengerAndbookingSucessfully.bookingForm(_07_08_FillPassengerAndbookingSucessfully.java:32)
at java.base/jdk.internal.reflect.DirectMethodHandleAccessor.invoke(DirectMethodHandleAccessor.java:103)
at java.base/java.lang.reflect.Method.invoke(Method.java:580)
at org.testng.internal.invokers.MethodInvocationHelper.invokeMethod(MethodInvocationHelper.java:141)
at org.testng.internal.invokers.TestInvoker.invokeMethod(TestInvoker.java:686)
at org.testng.internal.invokers.TestInvoker.invokeTestMethod(TestInvoker.java:230)
at org.testng.internal.invokers.MethodRunner.runInSequence(MethodRunner.java:63)
at org.testng.internal.invokers.TestInvoker$MethodInvocationAgent.invoke(TestInvoker.java:992)
at org.testng.internal.invokers.TestInvoker.invokeTestMethods(TestInvoker.java:203)
at org.testng.internal.invokers.TestMethodWorker.invokeTestMethods(TestMethodWorker.java:154)
at org.testng.internal.invokers.TestMethodWorker.run(TestMethodWorker.java:134)
at java.base/java.util.ArrayList.forEach(ArrayList.java:1597)
at org.testng.TestRunner.privateRun(TestRunner.java:739)
at org.testng.TestRunner.run(TestRunner.java:614)
at org.testng.SuiteRunner.runTest(SuiteRunner.java:421)
at org.testng.SuiteRunner.runSequentially(SuiteRunner.java:413)
at org.testng.SuiteRunner.privateRun(SuiteRunner.java:373)
at org.testng.SuiteRunner.run(SuiteRunner.java:312)
at org.testng.SuiteRunnerWorker.runSuite(SuiteRunnerWorker.java:52)
at org.testng.SuiteRunnerWorker.run(SuiteRunnerWorker.java:95)
at org.testng.TestNG.runSuitesSequentially(TestNG.java:1274)
at org.testng.TestNG.runSuitesLocally(TestNG.java:1208)
at org.testng.TestNG.runSuites(TestNG.java:1112)
at org.testng.TestNG.run(TestNG.java:1079)
at org.testng.remote.AbstractRemoteTestNG.run(AbstractRemoteTestNG.java:115)
at org.testng.remote.RemoteTestNG.initAndRun(RemoteTestNG.java:293)
at org.testng.remote.RemoteTestNG.main(RemoteTestNG.java:91)
]]>
            </full-stacktrace>
          </exception> <!-- org.openqa.selenium.NoSuchElementException -->
          <reporter-output>
          </reporter-output>
        </test-method> <!-- bookingForm -->
        <test-method is-config="true" signature="afterC()[pri:0, instance:tests._07_08_FillPassengerAndbookingSucessfully@185a6e9]" started-at="2024-11-11T17:14:02 IST" name="afterC" finished-at="2024-11-11T17:14:03 IST" duration-ms="509" status="PASS">
          <reporter-output>
          </reporter-output>
        </test-method> <!-- afterC -->
      </class> <!-- tests._07_08_FillPassengerAndbookingSucessfully -->
      <class name="tests._06_SelectFlight">
        <test-method is-config="true" signature="goToWebsite()[pri:0, instance:tests._06_SelectFlight@1e800aaa]" started-at="2024-11-11T17:13:22 IST" name="goToWebsite" finished-at="2024-11-11T17:13:30 IST" duration-ms="8150" status="PASS">
          <reporter-output>
          </reporter-output>
        </test-method> <!-- goToWebsite -->
        <test-method signature="selectFlight()[pri:6, instance:tests._06_SelectFlight@1e800aaa]" started-at="2024-11-11T17:13:30 IST" name="selectFlight" finished-at="2024-11-11T17:13:40 IST" duration-ms="9640" status="PASS">
          <reporter-output>
          </reporter-output>
        </test-method> <!-- selectFlight -->
        <test-method is-config="true" signature="afterC()[pri:0, instance:tests._06_SelectFlight@1e800aaa]" started-at="2024-11-11T17:13:40 IST" name="afterC" finished-at="2024-11-11T17:13:40 IST" duration-ms="535" status="PASS">
          <reporter-output>
          </reporter-output>
        </test-method> <!-- afterC -->
      </class> <!-- tests._06_SelectFlight -->
      <class name="tests._04_OneWayTrip">
        <test-method is-config="true" signature="goToWebsite()[pri:0, instance:tests._04_OneWayTrip@3eb738bb]" started-at="2024-11-11T17:12:55 IST" name="goToWebsite" finished-at="2024-11-11T17:13:03 IST" duration-ms="8066" status="PASS">
          <reporter-output>
          </reporter-output>
        </test-method> <!-- goToWebsite -->
        <test-method signature="oneWay()[pri:4, instance:tests._04_OneWayTrip@3eb738bb]" started-at="2024-11-11T17:13:03 IST" name="oneWay" finished-at="2024-11-11T17:13:08 IST" duration-ms="5591" status="PASS">
          <reporter-output>
          </reporter-output>
        </test-method> <!-- oneWay -->
        <test-method is-config="true" signature="afterC()[pri:0, instance:tests._04_OneWayTrip@3eb738bb]" started-at="2024-11-11T17:13:08 IST" name="afterC" finished-at="2024-11-11T17:13:09 IST" duration-ms="541" status="PASS">
          <reporter-output>
          </reporter-output>
        </test-method> <!-- afterC -->
      </class> <!-- tests._04_OneWayTrip -->
      <class name="tests._09_ValidateField">
        <test-method is-config="true" signature="goToWebsite()[pri:0, instance:tests._09_ValidateField@6f03482]" started-at="2024-11-11T17:14:03 IST" name="goToWebsite" finished-at="2024-11-11T17:14:09 IST" duration-ms="5982" status="PASS">
          <reporter-output>
          </reporter-output>
        </test-method> <!-- goToWebsite -->
        <test-method signature="validateField()[pri:8, instance:tests._09_ValidateField@6f03482]" started-at="2024-11-11T17:14:09 IST" name="validateField" finished-at="2024-11-11T17:14:13 IST" duration-ms="4602" status="PASS">
          <reporter-output>
          </reporter-output>
        </test-method> <!-- validateField -->
        <test-method is-config="true" signature="afterC()[pri:0, instance:tests._09_ValidateField@6f03482]" started-at="2024-11-11T17:14:13 IST" name="afterC" finished-at="2024-11-11T17:14:14 IST" duration-ms="461" status="PASS">
          <reporter-output>
          </reporter-output>
        </test-method> <!-- afterC -->
      </class> <!-- tests._09_ValidateField -->
      <class name="tests._01_NavigateToSpiceJet">
        <test-method is-config="true" signature="goToWebsite()[pri:0, instance:tests._01_NavigateToSpiceJet@31190526]" started-at="2024-11-11T17:12:16 IST" name="goToWebsite" finished-at="2024-11-11T17:12:22 IST" duration-ms="6147" status="PASS">
          <reporter-output>
          </reporter-output>
        </test-method> <!-- goToWebsite -->
        <test-method signature="navigateToSpiceJet()[pri:1, instance:tests._01_NavigateToSpiceJet@31190526]" started-at="2024-11-11T17:12:22 IST" name="navigateToSpiceJet" finished-at="2024-11-11T17:12:22 IST" duration-ms="74" status="PASS">
          <reporter-output>
          </reporter-output>
        </test-method> <!-- navigateToSpiceJet -->
        <test-method is-config="true" signature="afterC()[pri:0, instance:tests._01_NavigateToSpiceJet@31190526]" started-at="2024-11-11T17:12:22 IST" name="afterC" finished-at="2024-11-11T17:12:23 IST" duration-ms="398" status="PASS">
          <reporter-output>
          </reporter-output>
        </test-method> <!-- afterC -->
      </class> <!-- tests._01_NavigateToSpiceJet -->
      <class name="tests._05_RoundTrip">
        <test-method is-config="true" signature="goToWebsite()[pri:0, instance:tests._05_RoundTrip@5bda8e08]" started-at="2024-11-11T17:13:09 IST" name="goToWebsite" finished-at="2024-11-11T17:13:14 IST" duration-ms="4933" status="PASS">
          <reporter-output>
          </reporter-output>
        </test-method> <!-- goToWebsite -->
        <test-method signature="roundTrip()[pri:5, instance:tests._05_RoundTrip@5bda8e08]" started-at="2024-11-11T17:13:14 IST" name="roundTrip" finished-at="2024-11-11T17:13:22 IST" duration-ms="7557" status="PASS">
          <reporter-output>
          </reporter-output>
        </test-method> <!-- roundTrip -->
        <test-method is-config="true" signature="afterC()[pri:0, instance:tests._05_RoundTrip@5bda8e08]" started-at="2024-11-11T17:13:22 IST" name="afterC" finished-at="2024-11-11T17:13:22 IST" duration-ms="430" status="PASS">
          <reporter-output>
          </reporter-output>
        </test-method> <!-- afterC -->
      </class> <!-- tests._05_RoundTrip -->
      <class name="tests._03_LoginSpiceJet">
        <test-method is-config="true" signature="goToWebsite()[pri:0, instance:tests._03_LoginSpiceJet@233795b6]" started-at="2024-11-11T17:12:44 IST" name="goToWebsite" finished-at="2024-11-11T17:12:49 IST" duration-ms="5652" status="PASS">
          <reporter-output>
          </reporter-output>
        </test-method> <!-- goToWebsite -->
        <test-method signature="navigateLoginPage()[pri:3, instance:tests._03_LoginSpiceJet@233795b6]" started-at="2024-11-11T17:12:49 IST" name="navigateLoginPage" finished-at="2024-11-11T17:12:54 IST" duration-ms="4902" status="PASS">
          <reporter-output>
          </reporter-output>
        </test-method> <!-- navigateLoginPage -->
        <test-method is-config="true" signature="afterC()[pri:0, instance:tests._03_LoginSpiceJet@233795b6]" started-at="2024-11-11T17:12:54 IST" name="afterC" finished-at="2024-11-11T17:12:55 IST" duration-ms="505" status="PASS">
          <reporter-output>
          </reporter-output>
        </test-method> <!-- afterC -->
      </class> <!-- tests._03_LoginSpiceJet -->
      <class name="tests._02_SignUpSpiceJet">
        <test-method is-config="true" signature="goToWebsite()[pri:0, instance:tests._02_SignUpSpiceJet@f5958c9]" started-at="2024-11-11T17:12:23 IST" name="goToWebsite" finished-at="2024-11-11T17:12:28 IST" duration-ms="5514" status="PASS">
          <reporter-output>
          </reporter-output>
        </test-method> <!-- goToWebsite -->
        <test-method signature="ValidateSignUpPage()[pri:2, instance:tests._02_SignUpSpiceJet@f5958c9]" started-at="2024-11-11T17:12:28 IST" name="ValidateSignUpPage" finished-at="2024-11-11T17:12:43 IST" duration-ms="14815" status="FAIL">
          <exception class="org.openqa.selenium.ElementClickInterceptedException">
            <message>
              <![CDATA[element click intercepted: Element is not clickable at point (280, 948)
  (Session info: chrome=130.0.6723.117)
Build info: version: '4.22.0', revision: 'c5f3146703*'
System info: os.name: 'Windows 11', os.arch: 'amd64', os.version: '10.0', java.version: '22.0.1'
Driver info: org.openqa.selenium.chrome.ChromeDriver
Command: [32042f1de6db4184ea36f839b618555d, clickElement {id=f.B0C3FDF790B787498DB5F6F250884CD0.d.FD9EE76472ECD52A6BB3CAEA8CC61448.e.158}]
Capabilities {acceptInsecureCerts: false, browserName: chrome, browserVersion: 130.0.6723.117, chrome: {chromedriverVersion: 130.0.6723.116 (6ac35f94ae3..., userDataDir: C:\Users\HARIHA~1\AppData\L...}, fedcm:accounts: true, goog:chromeOptions: {debuggerAddress: localhost:58261}, networkConnectionEnabled: false, pageLoadStrategy: normal, platformName: windows, proxy: Proxy(), se:cdp: ws://localhost:58261/devtoo..., se:cdpVersion: 130.0.6723.117, setWindowRect: true, strictFileInteractability: false, timeouts: {implicit: 0, pageLoad: 300000, script: 30000}, unhandledPromptBehavior: dismiss and notify, webauthn:extension:credBlob: true, webauthn:extension:largeBlob: true, webauthn:extension:minPinLength: true, webauthn:extension:prf: true, webauthn:virtualAuthenticators: true}
Element: [[ChromeDriver: chrome on windows (32042f1de6db4184ea36f839b618555d)] -> xpath: //button[text()='Submit']]
Session ID: 32042f1de6db4184ea36f839b618555d]]>
            </message>
            <full-stacktrace>
              <![CDATA[org.openqa.selenium.ElementClickInterceptedException: element click intercepted: Element is not clickable at point (280, 948)
  (Session info: chrome=130.0.6723.117)
Build info: version: '4.22.0', revision: 'c5f3146703*'
System info: os.name: 'Windows 11', os.arch: 'amd64', os.version: '10.0', java.version: '22.0.1'
Driver info: org.openqa.selenium.chrome.ChromeDriver
Command: [32042f1de6db4184ea36f839b618555d, clickElement {id=f.B0C3FDF790B787498DB5F6F250884CD0.d.FD9EE76472ECD52A6BB3CAEA8CC61448.e.158}]
Capabilities {acceptInsecureCerts: false, browserName: chrome, browserVersion: 130.0.6723.117, chrome: {chromedriverVersion: 130.0.6723.116 (6ac35f94ae3..., userDataDir: C:\Users\HARIHA~1\AppData\L...}, fedcm:accounts: true, goog:chromeOptions: {debuggerAddress: localhost:58261}, networkConnectionEnabled: false, pageLoadStrategy: normal, platformName: windows, proxy: Proxy(), se:cdp: ws://localhost:58261/devtoo..., se:cdpVersion: 130.0.6723.117, setWindowRect: true, strictFileInteractability: false, timeouts: {implicit: 0, pageLoad: 300000, script: 30000}, unhandledPromptBehavior: dismiss and notify, webauthn:extension:credBlob: true, webauthn:extension:largeBlob: true, webauthn:extension:minPinLength: true, webauthn:extension:prf: true, webauthn:virtualAuthenticators: true}
Element: [[ChromeDriver: chrome on windows (32042f1de6db4184ea36f839b618555d)] -> xpath: //button[text()='Submit']]
Session ID: 32042f1de6db4184ea36f839b618555d
at java.base/jdk.internal.reflect.DirectConstructorHandleAccessor.newInstance(DirectConstructorHandleAccessor.java:62)
at java.base/java.lang.reflect.Constructor.newInstanceWithCaller(Constructor.java:502)
at java.base/java.lang.reflect.Constructor.newInstance(Constructor.java:486)
at org.openqa.selenium.remote.ErrorCodec.decode(ErrorCodec.java:167)
at org.openqa.selenium.remote.codec.w3c.W3CHttpResponseCodec.decode(W3CHttpResponseCodec.java:138)
at org.openqa.selenium.remote.codec.w3c.W3CHttpResponseCodec.decode(W3CHttpResponseCodec.java:50)
at org.openqa.selenium.remote.HttpCommandExecutor.execute(HttpCommandExecutor.java:190)
at org.openqa.selenium.remote.service.DriverCommandExecutor.invokeExecute(DriverCommandExecutor.java:216)
at org.openqa.selenium.remote.service.DriverCommandExecutor.execute(DriverCommandExecutor.java:174)
at org.openqa.selenium.remote.RemoteWebDriver.execute(RemoteWebDriver.java:518)
at org.openqa.selenium.remote.RemoteWebElement.execute(RemoteWebElement.java:223)
at org.openqa.selenium.remote.RemoteWebElement.click(RemoteWebElement.java:76)
at java.base/jdk.internal.reflect.DirectMethodHandleAccessor.invoke(DirectMethodHandleAccessor.java:103)
at java.base/java.lang.reflect.Method.invoke(Method.java:580)
at org.openqa.selenium.support.pagefactory.internal.LocatingElementHandler.invoke(LocatingElementHandler.java:51)
at jdk.proxy2/jdk.proxy2.$Proxy12.click(Unknown Source)
at pages.SignUpPages.signuoDetails(SignUpPages.java:61)
at tests._02_SignUpSpiceJet.ValidateSignUpPage(_02_SignUpSpiceJet.java:43)
at java.base/jdk.internal.reflect.DirectMethodHandleAccessor.invoke(DirectMethodHandleAccessor.java:103)
at java.base/java.lang.reflect.Method.invoke(Method.java:580)
at org.testng.internal.invokers.MethodInvocationHelper.invokeMethod(MethodInvocationHelper.java:141)
at org.testng.internal.invokers.TestInvoker.invokeMethod(TestInvoker.java:686)
at org.testng.internal.invokers.TestInvoker.invokeTestMethod(TestInvoker.java:230)
at org.testng.internal.invokers.MethodRunner.runInSequence(MethodRunner.java:63)
at org.testng.internal.invokers.TestInvoker$MethodInvocationAgent.invoke(TestInvoker.java:992)
at org.testng.internal.invokers.TestInvoker.invokeTestMethods(TestInvoker.java:203)
at org.testng.internal.invokers.TestMethodWorker.invokeTestMethods(TestMethodWorker.java:154)
at org.testng.internal.invokers.TestMethodWorker.run(TestMethodWorker.java:134)
at java.base/java.util.ArrayList.forEach(ArrayList.java:1597)
at org.testng.TestRunner.privateRun(TestRunner.java:739)
at org.testng.TestRunner.run(TestRunner.java:614)
at org.testng.SuiteRunner.runTest(SuiteRunner.java:421)
at org.testng.SuiteRunner.runSequentially(SuiteRunner.java:413)
at org.testng.SuiteRunner.privateRun(SuiteRunner.java:373)
at org.testng.SuiteRunner.run(SuiteRunner.java:312)
at org.testng.SuiteRunnerWorker.runSuite(SuiteRunnerWorker.java:52)
at org.testng.SuiteRunnerWorker.run(SuiteRunnerWorker.java:95)
at org.testng.TestNG.runSuitesSequentially(TestNG.java:1274)
at org.testng.TestNG.runSuitesLocally(TestNG.java:1208)
at org.testng.TestNG.runSuites(TestNG.java:1112)
at org.testng.TestNG.run(TestNG.java:1079)
at org.testng.remote.AbstractRemoteTestNG.run(AbstractRemoteTestNG.java:115)
at org.testng.remote.RemoteTestNG.initAndRun(RemoteTestNG.java:293)
at org.testng.remote.RemoteTestNG.main(RemoteTestNG.java:91)
]]>
            </full-stacktrace>
          </exception> <!-- org.openqa.selenium.ElementClickInterceptedException -->
          <reporter-output>
          </reporter-output>
        </test-method> <!-- ValidateSignUpPage -->
        <test-method is-config="true" signature="afterC()[pri:0, instance:tests._02_SignUpSpiceJet@f5958c9]" started-at="2024-11-11T17:12:43 IST" name="afterC" finished-at="2024-11-11T17:12:44 IST" duration-ms="627" status="PASS">
          <reporter-output>
          </reporter-output>
        </test-method> <!-- afterC -->
      </class> <!-- tests._02_SignUpSpiceJet -->
    </test> <!-- Test -->
  </suite> <!-- Suite -->
</testng-results>
